<?xml version="1.0" encoding="UTF-8"?>
<!-- Generated by org.testng.reporters.JUnitReportReporter -->
<testsuite name="google" tests="1" time="27.693" ignored="0" failures="0" timestamp="09 Sep 2019 10:53:43 GMT" skipped="0" hostname="DESKTOP-8MTFBPD" errors="0">
  <testcase name="s" time="27.693" classname="google"/>
</testsuite> <!-- google -->
