<?xml version="1.0" encoding="UTF-8"?>
<!-- Generated by org.testng.reporters.JUnitReportReporter -->
<testsuite name="com.crm.qa.testcases.LoginPageTest" tests="1" time="18.424" ignored="0" failures="0" timestamp="10 Oct 2019 10:20:53 GMT" skipped="0" hostname="DESKTOP-8MTFBPD" errors="0">
  <testcase name="logintest" time="18.424" classname="com.crm.qa.testcases.LoginPageTest"/>
</testsuite> <!-- com.crm.qa.testcases.LoginPageTest -->
