<?xml version="1.0" encoding="UTF-8"?>
<!-- Generated by org.testng.reporters.JUnitReportReporter -->
<testsuite name="com.crm.qa.testcases.LoginPageTest" tests="1" time="15.948" ignored="0" failures="0" timestamp="12 Sep 2019 11:36:49 GMT" skipped="0" hostname="DESKTOP-8MTFBPD" errors="0">
  <testcase name="logintest" time="15.948" classname="com.crm.qa.testcases.LoginPageTest"/>
</testsuite> <!-- com.crm.qa.testcases.LoginPageTest -->
