<?xml version="1.0" encoding="UTF-8"?>
<!-- Generated by org.testng.reporters.JUnitReportReporter -->
<testsuite name="com.crm.qa.testcases.HomePageTest" tests="1" time="22.746" ignored="0" failures="0" timestamp="12 Sep 2019 11:36:49 GMT" skipped="0" hostname="DESKTOP-8MTFBPD" errors="0">
  <testcase name="clickoncontactTest" time="22.746" classname="com.crm.qa.testcases.HomePageTest"/>
</testsuite> <!-- com.crm.qa.testcases.HomePageTest -->
